TN:
SF:src/services/api.js
FN:11,(anonymous_0)
FN:15,(anonymous_1)
FN:19,(anonymous_2)
FN:23,(anonymous_3)
FN:27,(anonymous_4)
FNF:5
FNH:0
FNDA:0,(anonymous_0)
FNDA:0,(anonymous_1)
FNDA:0,(anonymous_2)
FNDA:0,(anonymous_3)
FNDA:0,(anonymous_4)
DA:3,0
DA:12,0
DA:16,0
DA:20,0
DA:24,0
DA:28,0
LF:6
LH:0
BRDA:4,0,0,0
BRDA:4,0,1,0
BRF:2
BRH:0
end_of_record
TN:
SF:src/services/toast.js
FN:4,(anonymous_0)
FN:8,(anonymous_1)
FN:18,(anonymous_2)
FN:52,(anonymous_3)
FN:57,(anonymous_4)
FN:61,(anonymous_5)
FN:65,(anonymous_6)
FN:69,(anonymous_7)
FNF:8
FNH:0
FNDA:0,(anonymous_0)
FNDA:0,(anonymous_1)
FNDA:0,(anonymous_2)
FNDA:0,(anonymous_3)
FNDA:0,(anonymous_4)
FNDA:0,(anonymous_5)
FNDA:0,(anonymous_6)
FNDA:0,(anonymous_7)
DA:5,0
DA:9,0
DA:10,0
DA:11,0
DA:12,0
DA:13,0
DA:14,0
DA:19,0
DA:20,0
DA:22,0
DA:29,0
DA:43,0
DA:45,0
DA:46,0
DA:50,0
DA:52,0
DA:53,0
DA:58,0
DA:62,0
DA:66,0
DA:70,0
LF:21
LH:0
BRDA:9,0,0,0
BRDA:9,0,1,0
BRDA:18,1,0,0
BRDA:18,2,0,0
BRDA:57,3,0,0
BRDA:61,4,0,0
BRDA:65,5,0,0
BRDA:69,6,0,0
BRF:8
BRH:0
end_of_record
